30/04/2015 16:52:37	Open Event Log [C:\Users\Admin\AppData\Local\Temp\RacingSignalsLog.log]
                   	Environment Settings
                   	ALLUSERSPROFILE=C:\ProgramData
                   	APPDATA=C:\Users\Admin\AppData\Roaming
                   	CommonProgramFiles=C:\Program Files (x86)\Common Files
                   	CommonProgramFiles(x86)=C:\Program Files (x86)\Common Files
                   	CommonProgramW6432=C:\Program Files\Common Files
                   	COMPUTERNAME=RACESTATION
                   	ComSpec=C:\windows\system32\cmd.exe
                   	FP_NO_HOST_CHECK=NO
                   	HOMEDRIVE=C:
                   	HOMEPATH=\Users\Admin
                   	LOCALAPPDATA=C:\Users\Admin\AppData\Local
                   	LOGONSERVER=\\RACESTATION
                   	NUMBER_OF_PROCESSORS=4
                   	OS=Windows_NT
                   	Path=C:\windows\system32;C:\windows;C:\windows\System32\Wbem;C:\windows\System32\WindowsPowerShell\v1.0\
                   	PATHEXT=.COM;.EXE;.BAT;.CMD;.VBS;.VBE;.JS;.JSE;.WSF;.WSH;.MSC
                   	PROCESSOR_ARCHITECTURE=x86
                   	PROCESSOR_ARCHITEW6432=AMD64
                   	PROCESSOR_IDENTIFIER=Intel64 Family 6 Model 60 Stepping 3, GenuineIntel
                   	PROCESSOR_LEVEL=6
                   	PROCESSOR_REVISION=3c03
                   	ProgramData=C:\ProgramData
                   	ProgramFiles=C:\Program Files (x86)
                   	ProgramFiles(x86)=C:\Program Files (x86)
                   	ProgramW6432=C:\Program Files
                   	PSModulePath=C:\windows\system32\WindowsPowerShell\v1.0\Modules\
                   	PUBLIC=C:\Users\Public
                   	SESSIONNAME=Console
                   	SystemDrive=C:
                   	SystemRoot=C:\windows
                   	TEMP=C:\Users\Admin\AppData\Local\Temp
                   	TMP=C:\Users\Admin\AppData\Local\Temp
                   	USERDOMAIN=RaceStation
                   	USERDOMAIN_ROAMINGPROFILE=RaceStation
                   	USERNAME=Admin
                   	USERPROFILE=C:\Users\Admin
                   	windir=C:\windows
                   	GetSpecialFolder CSIDL_COMMON_APPDATA = C:\ProgramData\
                   	Windows Version = Windows 8
                   	User Default LocaleID = 2057
                   	Decimal Separator = .
                   	User has Administrator Rights = False
                   	***************
                   	RacingSignals.exe 1.3.2 Started
                   	Version = Windows 8 (64 bit)
                   	Install log = C:\Users\Admin\Local Settings\Temp\Setup Log [install date] #[sequence no].txt
                   	SignalImageFilePath = C:\ProgramData\Application Data\Arundale\RacingSignals\SignalImages\
                   	SequencesFilePath = C:\ProgramData\Application Data\Arundale\RacingSignals\Sequences\
                   	Loading frmMain
                   	RacingSignals [1.3.2] 
                   	Checking http://arundale.com/docs/ais/RacingSignals_setup_ for later version
30/04/2015 16:52:38	Latest released version is http://arundale.com/docs/ais/RacingSignals_setup_0.0.0
                   	User Revision is 2 (=0 so don't check web revision)
                   	A new update is not available
                   	Profile (1) SYC Multiple added
                   	Profile (2) SYC Single added
                   	Profile (3) x10 SYC Multiple added
                   	Profile (4) x10 SYC Single added
                   	Position Window
                   	Set Finish Display Size
                   	Set Col array
30/04/2015 16:52:39	frmMain loaded
                   	Loading frmDaventech
                   	CreateWinsock eth008:17494
                   	WinsockState = Resolving host
                   	frmMain.DisplayProgram
                   	frmMain.DisplaySequence
                   	DisplaySequence
                   	CommandFromCaption Finish
                   	CommandFromCaption Postpone
                   	frmMain.DisplayRecalls
                   	CommandFromCaption Recall
                   	CommandFromCaption General Recall
                   	Main 0
                   		NextEventTime= 00:00
                   		Program=No Profile
                   		Sequence=Disabled
                   		Recalls=None
30/04/2015 16:52:43	Program 0
                   		Loading Profile
                   	DisplaySequence
                   	CommandFromCaption Finish
                   	CommandFromCaption Postpone
                   	LoadProfileTimer.Enabled = False
                   	LoadProfileTimer_Fired
                   	LoadProfile SYC Multiple
                   	ClearProfile
                   	Profile Cleared
                   	OpenAndSend 
                   	Copying C:\ProgramData\Application Data\Arundale\RacingSignals\Sequences\SYC Multiple.ini to memory
                   	Decrypting
                   	Decrypt Error  429 ActiveX component can't create object
                   	DecryptFile Error  429 ActiveX component can't create object
                   	Opening C:\ProgramData\Application Data\Arundale\RacingSignals\Sequences\SYC Multiple.tmp
                   	[Profile]   
                   	Name=SYC Single
                   	Version=3
                   	GroupDefault=Sound,LastCol,Row1,Queue
                   	GroupDefault=Amber,LastCol-1,Row1
                   	GroupDefault=Green,LastCol-1,Row2
                   	GroupDefault=Red,LastCol-1,Row3
                   	GroupDefault=White,LastCol-1,Row4,Queue
                   	GroupDefault=Recall,Queue
                   	Multiplier=1
                   	RecallControl=True
                   	ButtonControl=True
                   	ButtonEvents=True
                   	ClassSilenceControl=True
                   	SoundOnAllFinishers=True
                   	SkipClassOnRecall=True
                   	[/Profile]
                   	
                   	[Controller=0]
                   	IpAddress=eth008
                   	On=32,1,0
                   	Off=33,1,0
                   	Connection=Horn		'Memo
                   	Sound=horn.wav
                   	[/Controller]
                   	
                   	[Controller=1]
                   	IpAddress=eth008
                   	On=32,2,0
                   	Off=33,2,0
                   	Connection=White Light	'Memo
                   	[/Controller]
                   	
                   	[Controller=2]
                   	IpAddress=eth008
                   	On=32,3,0
                   	Off=33,3,0
                   	Connection=Yellow Light	'Memo
                   	[/Controller]
                   	
                   	[Controller=3]
                   	IpAddress=eth008
                   	On=32,4,0
                   	Off=33,4,0
                   	Connection=Green Light	'Memo
                   	[/Controller]
                   	
                   	[Controller=4]
                   	IpAddress=eth008
                   	On=32,5,0
                   	Off=33,5,0
                   	Connection=Red Light	'Memo
                   	[/Controller]
                   	
                   	'Set up mandatory command signals first
                   	[Signal=1]
                   	Type=Horn
                   	Name=Horn Short		'Caption on Command Button
                   	Group=Sound
                   	CommandVisible=True	'Make Command Button visible
                   	Flag=Horn1Short		'Name of Flag Image file
                   	TTL=1000			'Millisecs TTL only applies on the UP
                   	Cycles=1		'How many up cycles
                   	Raised=True		'initially raise flag on load
                   	Controller=0		'Sound
                   	[/Signal]
                   	
                   	'Set up postponement signals
                   	[Signal=2]
                   	Type=Flag	
                   	Name=Postpone
                   	Group=Postpone	'Not defined if no Members of this Group
                   	CommandVisible=True
                   	Flag=ICS_Answer
                   	Raised=True
                   	UpLink=7,True		'2 Short
                   	DownLink=1,True		'1 short
                   	[/Signal]
                   	
                   	[Signal=3]
                   	Type=Recall	
                   	Name=Recall
                   	Group=Recall
                   	CommandVisible=True
                   	Flag=ICS_X-ray
                   	Raised=True
                   	UpLink=1,True		'Horn 1 Short
                   	UpLink=32,True		'White Flash
                   	DownLink=32,False
                   	UpLink=10,True		'Recall Class
                   	DownLink=10,False
                   	[/Signal]
                   	
                   	[Signal=4]
                   	Type=Recall	
                   	Name=General Recall
                   	Group=Recall
                   	CommandVisible=True
                   	Flag=ICS_Repeat_One
                   	Raised=True
                   	UpLink=7,True		'Horn 2 Short
                   	UpLink=32,True		'White Flash
                   	DownLink=32,False
                   	UpLink=10,True		'Recall Class
                   	DownLink=10,False
                   	DownLink=1,True		'Horn 1 Short
                   	[/Signal]
                   	
                   	[Signal=5]
                   	Type=Flag	
                   	Name=Finish
                   	Group=White
                   	CommandVisible=True
                   	Flag=TrafficLightWhite
                   	'Finish is always a downlink because there is visible flag
                   	DownLink=1,True		'Horn 1 Short
                   	DownLink=31,True	'White 1
                   	Controller=1		'White
                   	[/Signal]
                   	
                   	'End of pre-defined command buttons
                   	[Signal=6]
                   	Type=Flag
                   	Name=Horn Long
                   	Group=Sound
                   	CommandVisible=False
                   	Flag=Horn1Long		'Image,Fixed,Parent
                   	TTL=2000		'Millisecs TTL only applies on the UP
                   	Cycles=1		'How many up cycles
                   	Raised=True		'initially make visible on load
                   	Controller=0		'Sound
                   	[/Signal]
                   	
                   	[Signal=7]
                   	Type=Flag
                   	Name=Horn 2 Short
                   	Group=Sound
                   	CommandVisible=False
                   	Flag=Horn2Short		'Image,Fixed,Parent
                   	TTL=1000			'Millisecs TTL only applies on the UP
                   	Cycles=2		'How many up cycles
                   	Raised=True		'initially Raise on load
                   	Controller=0		'Sound
                   	[/Signal]
                   	
                   	[Signal=8]
                   	Type=Flag
                   	Name=Horn 3 Short	
                   	Group=Sound
                   	CommandVisible=False
                   	Flag=Horn3Short		'Image,Fixed,Parent
                   	TTL=1000			'Millisecs TTL only applies on the UP
                   	Cycles=3		'How many up cycles
                   	Raised=True		'initially Raise on load
                   	UpLink=32,True		'White
                   	DownLink=32,False	'White
                   	Controller=0		'Sound
                   	[/Signal]
                   	
                   	[Signal=9]
                   	Type=Flag
                   	Name=Horn -----	
                   	Group=Sound
                   	CommandVisible=False
                   	Flag=Horn1Long		'Image,Fixed,Parent
                   	TTL=2000		'Millisecs TTL only applies on the UP
                   	Cycles=0		'Continuous
                   	Raised=True		'initially Raise on load
                   	Controller=0		'Sound
                   	[/Signal]
                   	
                   	[Signal=10]
                   	Type=Recall	
                   	Name=Recall Class
                   	Group=Recall
                   	CommandVisible=False
                   	'Flag=ICS_Foxtrot
                   	Raised=True
                   	[/Signal]
                   	
                   	'Set up Preparatory signals
                   	[Signal=11]
                   	Type=Flag	
                   	Name=Preparatory P
                   	Group=Preparatory
                   	CommandVisible=False
                   	Flag=ICS_Papa		'Image file for the flag
                   	Raised=True		'initially raise on load
                   	'UpLink=1,True		'Silent for SYC
                   	'DownLink=6,True		'Silent for SYC
                   	[/Signal]
                   	
                   	[Signal=12]
                   	Type=Flag	
                   	Name=Perparatory I
                   	Group=Preparatory
                   	CommandVisible=False
                   	Flag=ICS_India		'Image file for the flag
                   	Raised=True		'initially raise on load
                   	UpLink=1,True		'Silent for SYC
                   	DownLink=6,True		'Silent for SYC
                   	[/Signal]
                   	
                   	[Signal=13]
30/04/2015 16:52:44	Type=Flag 	
                   	Name=Preparatory Z
                   	Group=Preparatory
                   	CommandVisible=False
                   	Flag=ICS_Zulu		'Image file for the flag
                   	Raised=True		'initially raise on load
                   	UpLink=1,True		'Silent for SYC
                   	DownLink=6,True		'Silent for SYC
                   	[/Signal]
                   	
                   	[Signal=14]
                   	Type=Flag	
                   	Name=Preparatory Black
                   	Group=Preparatory
                   	CommandVisible=False
                   	Flag=Black		'Image file for the flag
                   	Raised=True		'initially raise on load
                   	UpLink=1,True		'Silent for SYC
                   	DownLink=6,True		'Silent for SYC
                   	[/Signal]
                   	
                   	[Signal=15]
                   	Type=Flag	
                   	Name=15 Mins
                   	Group=Postpone
                   	CommandVisible=False
                   	Flag=Ball1
                   	Raised=True		'initially raise on load
                   	UpLink=7,True		'2 Short
                   	DownLink=1,True		'1 short
                   	[/Signal]
                   	
                   	[Signal=16]
                   	Type=Flag	
                   	Name=30 Mins
                   	Group=Postpone
                   	CommandVisible=False
                   	Flag=Ball2
                   	Raised=True		'initially raise on load
                   	UpLink=7,True		'2 Short
                   	DownLink=1,True		'1 short
                   	[/Signal]
                   	
                   	[Signal=17]
                   	Type=Flag	
                   	Name=45 Mins
                   	Group=Postpone
                   	CommandVisible=False
                   	Flag=Ball3
                   	'Parent=2
                   	Raised=True		'initially raise on load
                   	UpLink=7,True		'2 Short
                   	DownLink=1,True		'1 short
                   	[/Signal]
                   	
                   	[Signal=21]
                   	Type=Flag	
                   	Name=Notice
                   	Group=Other
                   	CommandVisible=False
                   	Flag=ICS_Lima
                   	Raised=True		'initially raise on load
                   	UpLink=1,True		'1 Short
                   	[/Signal]
                   	
                   	[Signal=22]
                   	Type=Flag	
                   	Name=Floatation
                   	Group=Other
                   	CommandVisible=False
                   	Flag=ICS_Yankee
                   	Raised=True		'initially raise on load
                   	UpLink=1,True		'1 Short
                   	[/Signal]
                   	
                   	[Signal=25]
                   	Type=Flag	
                   	Name=Abandon Started
                   	Group=Abandon
                   	CommandVisible=False
                   	Flag=ICS_November
                   	Raised=True		'initially raise on load
                   	UpLink=8,True		'3 Short
                   	DownLink=1,True		'1 short
                   	[/Signal]
                   	
                   	[Signal=26]
                   	Type=Flag	
                   	Name=Abandon All
                   	Group=Abandon
                   	CommandVisible=False
                   	Flag=ICS_Hotel
                   	Raised=True		'initially raise on load
                   	UpLink=8,True		'1 Short
                   	[/Signal]
                   	
                   	[Signal=27]
                   	Type=Flag	
                   	Name=Abandon Info
                   	Group=Abandon
                   	CommandVisible=False
                   	Flag=ICS_Alpha
                   	Raised=True		'initially raise on load
                   	UpLink=8,True		'1 Short
                   	[/Signal]
                   	
                   	[Signal=31]
                   	Type=Flag	
                   	Name=White Short
                   	Group=White
                   	Row=4			'If as fixed position, Define after Group
                   	CommandVisible=False
                   	Flag=TrafficLightWhite
                   	Raised=True		'initially raise on load
                   	TTL=1000		'Slow Flash
                   	Cycles=1
                   	Controller=1
                   	[/Signal]
                   	
                   	[Signal=32]
                   	Type=White		'Must be Recall to use Multiplier	
                   	Name=White Fl
                   	Group=White	
                   	'Row=4			'If as fixed position, Define after Group
                   	CommandVisible=False
                   	Flag=TrafficLightWhite
                   	Raised=True		'initially raise on load
                   	TTL=1000			'Quick Flash
                   	Cycles=0		'Continuous
                   	Controller=1
                   	[/Signal]
                   	
                   	[Signal=33]
                   	Type=Amber		'Must be Recall to use Multiplier	
                   	Name=Amber
                   	Group=Amber	
                   	CommandVisible=False
                   	Flag=TrafficLightAmber
                   	Raised=True		'initially raise on load
                   	Controller=2
                   	[/Signal]
                   	
                   	[Signal=34]
                   	Type=Green		'Must be Recall to use Multiplier	
                   	Name=Green
                   	Group=Green	
                   	CommandVisible=False
                   	Flag=TrafficLightGreen
                   	Raised=True		'initially raise on load
                   	Controller=3
                   	[/Signal]
                   	
                   	[Signal=35]
                   	Type=Red		'Must be Recall to use Multiplier	
                   	Name=Red
                   	Group=Red	
                   	CommandVisible=False
                   	Flag=TrafficLightRed
                   	Raised=True		'initially raise on load
                   	Controller=4
                   	[/Signal]
                   	
                   	'Set up Class Signals Last as on initial load they will take all remaining free cols
                   	[Signal=41]
                   	Type=Flag	
                   	Name=Class 707	'Must use Event [Class=707]
                   	Group=Class
                   	CommandVisible=False
                   	Flag=Class_707
                   	Raised=True		'initially raise on load
                   	UpLink=1,True
                   	DownLink=1,True
                   	UpLink=33,True		'Amber
                   	DownLink=33,False
                   	[/Signal]
                   	
                   	[Signal=42]
                   	Type=Flag	
                   	Name=Class 2
                   	Group=Class
                   	CommandVisible=False
                   	Flag=ICS_Pennant_Two
                   	Raised=True		'initially raise on load
                   	UpLink=1,True
                   	DownLink=1,True
                   	UpLink=34,True		'Green
                   	DownLink=34,False
                   	[/Signal]
                   	
                   	[Signal=43]
                   	Type=Flag	
                   	Name=Class 3
                   	Group=Class
                   	CommandVisible=False
                   	Flag=ICS_Pennant_Three
                   	Raised=True		'initially raise on load
                   	'Silent for SYC Multiple - Previous Class Down also Sounds horn
                   	'UpLink=1,True		'Silent for SYC Multiple
                   	DownLink=1,True
                   	UpLink=35,True		'Red
                   	DownLink=35,False
                   	[/Signal]
                   	
                   	[Signal=44]
                   	Type=Flag	
                   	Name=Class 4
                   	Group=Class
                   	CommandVisible=False
                   	Flag=ICS_Pennant_Four
                   	Raised=True		'initially raise on load
                   	'Silent for SYC Multiple - Previous Class Down also Sounds horn
                   	'UpLink=1,True		'Silent for SYC Multiple
                   	DownLink=1,True
                   	UpLink=33,True		'Amber
                   	DownLink=33,False
                   	[/Signal]
                   	
                   	[Signal=45]
                   	Type=Flag	
                   	Name=Class 5
                   	Group=Class
                   	CommandVisible=False
                   	Flag=ICS_Pennant_Five
                   	Raised=True		'initially raise on load
                   	'Silent for SYC Multiple - Previous Class Down also Sounds horn
                   	'UpLink=1,True		'
                   	DownLink=1,True
                   	UpLink=34,True		'Green
                   	DownLink=34,False
                   	[/Signal]
                   	
                   	[Signal=46]
                   	Type=Flag	
                   	Name=Class 6
                   	Group=Class
                   	CommandVisible=False
                   	Flag=ICS_Pennant_Six
                   	Raised=True		'initially raise on load
                   	UpLink=1,True
                   	DownLink=1,True
                   	[/Signal]
                   	
                   	[Signal=47]
                   	Type=Flag	
                   	Name=Class 7
                   	Group=Class
                   	CommandVisible=False
                   	Flag=ICS_Pennant_Seven
                   	Raised=True		'initially raise on load
                   	UpLink=1,True
                   	DownLink=1,True
                   	[/Signal]
                   	
                   	[Signal=48]
                   	Type=Flag	
                   	Name=Class 8
                   	Group=Class
                   	CommandVisible=False
                   	Flag=ICS_Pennant_Eight
                   	Raised=True		'initially raise on load
                   	UpLink=1,True
                   	DownLink=1,True
                   	[/Signal]
                   	
                   	[Signal=49]
                   	Type=Flag	
                   	Name=Class 9
                   	Group=Class
                   	CommandVisible=False
                   	Flag=ICS_Pennant_Niner
                   	Raised=True		'initially raise on load
                   	UpLink=1,True
                   	DownLink=1,True
                   	[/Signal]
                   	
                   	[Signal=51]
                   	Type=Flag	
                   	Name=Shorten
                   	Group=Shorten
                   	CommandVisible=False
                   	Flag=ICS_Sierra
                   	Raised=True		'initially raise on load
                   	UpLink=7,True
                   	[/Signal]
                   	
                   	[Signal=52]
                   	Type=Flag	
                   	Name=Change
                   	Group=Change
                   	CommandVisible=False
                   	Flag=ICS_Charlie
                   	Raised=True		'initially raise on load
                   	UpLink=9,True		'Continuous long
                   	DownLink=9,False	'Continuous long
                   	[/Signal]
                   	
                   	[Signal=53]
                   	Type=Flag	
                   	Name=Starboard
                   	Group=Change
                   	CommandVisible=False
                   	Flag=Starboard
                   	Raised=True		'initially raise on load
                   	[/Signal]
                   	
                   	[Signal=54]
                   	Type=Flag	
                   	Name=Port
                   	Group=Change
                   	CommandVisible=False
                   	Flag=Port
                   	Raised=True		'initially raise on load
                   	[/Signal]
                   	
                   	[Signal=55]
                   	Type=Flag	
                   	Name=Minus
                   	Group=Change
                   	CommandVisible=False
                   	Flag=Minus
                   	Raised=True		'initially raise on load
                   	[/Signal]
                   	
                   	[Signal=56]
                   	Type=Flag	
                   	Name=Plus
                   	Group=Change
                   	CommandVisible=False
                   	Flag=Plus
                   	Raised=True		'initially raise on load
                   	[/Signal]
                   	
                   	[Signal=57]
                   	Type=Flag	
                   	Name=Mark
                   	Group=Other
                   	CommandVisible=False
                   	Flag=ICS_Mike
                   	Raised=True		'initially raise on load
                   	UpLink=9,True		'Continuous long
                   	DownLink=9,False		'Continuous long
                   	[/Signal]
                   	
                   	[Signal=58]
                   	Type=Flag	
                   	Name=Blue
                   	Group=Other
                   	CommandVisible=False
                   	Flag=Blue
                   	Raised=True		'initially raise on load
                   	[/Signal]
                   	
                   	[Template=Class]
                   	
                   	EventOffset=-660	'If Raised, Lower Postpone 1 min before Class Warning
                   	[Event=<ElapsedTime>-<EventOffset>]
                   	Signal=Postpone
                   	Message=Drop Postpone
                   	Raised=False
                   	[/Event]
                   	
                   	EventOffset=-600
                   	[Event=<ElapsedTime>-<EventOffset>]
                   	Signal=<ClassName>
                   	Message=~Warning <ClassName>
                   	Raised=True
                   	[/Event]
                   	
                   	EventOffset=-300
                   	[Event=<ElapsedTime>-<EventOffset>]
                   	Signal=Preparatory P
                   	Message=~Preparatory <ClassName>
                   	Raised=True
                   	Silent=True	'Only sound Next Class up with Multiple starts
                   	[/Event]
                   	
                   	EventOffset=0
                   	[Event=<ElapsedTime>-<EventOffset>]
                   	Signal=<ClassName>
                   	Message=<ClassName> Start
                   	'Raised=False
                   	FunctionCall=LoadStart
                   	[/Event]
                   	[/Template]
                   	
                   	[Template=Recall]
                   	EventOffset=0
                   	[Event=<ElapsedTime>-<EventOffset>]
                   	Message=Recall Enabled <ClassName>
                   	'Button=General Recall,True
                   	'Focus=Recall	'Will enable Recall
                   	[/Event]
                   	
                   	EventOffset=30
                   	[Event=<ElapsedTime>-<EventOffset>]
                   	Message=Query Recall Timeout <ClassName>
                   	FunctionCall=QueryRecallTimeout
                   	'Button=Recall,False
                   	'Button=General Recall,False
                   	[/Event]
                   	
                   	EventOffset=120
                   	[Event=<ElapsedTime>-<EventOffset>]
                   	Message=Recall Timeout <ClassName>
                   	FunctionCall=RecallTimeout
                   	'Signal=Recall
                   	'Raised=False
                   	'Signal=General Recall
                   	'Raised=False
                   	[/Event]
                   	
                   	[/Template]
                   	
                   	[Class=Class 707]	'Must be the name of a flag
                   	ElapsedTime=0
                   	[/Class]
                   	
                   	[Class=Class 2]
                   	ElapsedTime=300
                   	[/Class]
                   	
                   	[Class=Class 3]
                   	ElapsedTime=600
                   	[/Class]
                   	
                   	[Class=Class 4]
                   	ElapsedTime=900
                   	[/Class]
                   	
                   	[Class=Class 5]
                   	ElapsedTime=1200
                   	[/Class]
                   	
                   	Profile Closed
                   	Profile Killed
                   	CommandFromCaption Finish
                   	RaceTimer Enabled
                   	OpenAndSend 33,1,0
30/04/2015 16:52:45	16:52:45
30/04/2015 16:52:46	16:52:46
30/04/2015 16:52:47	16:52:47
                   	ClearFlags_Timer Fired
                   	OpenAndSend 33,2,0
                   	OpenAndSend 33,3,0
                   	OpenAndSend 33,4,0
                   	OpenAndSend 33,5,0
                   	Program 60767
                   		Profile Loaded
                   	NextClassStarted 60767
                   		Next=Class 707
30/04/2015 16:52:48	16:52:48
30/04/2015 16:52:49	16:52:49
30/04/2015 16:52:50	16:52:50
30/04/2015 16:52:51	16:52:51
30/04/2015 16:52:52	16:52:52
30/04/2015 16:52:53	16:52:53
30/04/2015 16:52:54	16:52:54
30/04/2015 16:52:55	16:52:55
30/04/2015 16:52:56	16:52:56
30/04/2015 16:52:57	16:52:57
30/04/2015 16:52:58	16:52:58
30/04/2015 16:52:59	Program 60778
                   		Loading Profile
                   	DisplaySequence
                   	CommandFromCaption Finish
                   	CommandFromCaption Postpone
                   	LoadProfileTimer.Enabled = False
                   	LoadProfileTimer_Fired
                   	LoadProfile x10 SYC Multiple
                   	ClearProfile
                   	Profile Cleared
                   	OpenAndSend 
                   	Copying C:\ProgramData\Application Data\Arundale\RacingSignals\Sequences\x10 SYC Multiple.ini to memory
                   	Decrypting
                   	Decrypt Error  429 ActiveX component can't create object
                   	DecryptFile Error  429 ActiveX component can't create object
                   	Opening C:\ProgramData\Application Data\Arundale\RacingSignals\Sequences\x10 SYC Multiple.tmp
                   	[Profile]   
                   	Name=SYC Single
                   	Version=3
                   	GroupDefault=Sound,LastCol,Row1,Queue
                   	GroupDefault=Amber,LastCol-1,Row1
                   	GroupDefault=Green,LastCol-1,Row2
                   	GroupDefault=Red,LastCol-1,Row3
                   	GroupDefault=White,LastCol-1,Row4,Queue
                   	GroupDefault=Recall,Queue
                   	Multiplier=10
                   	RecallControl=True
                   	ButtonControl=True
                   	ButtonEvents=True
                   	ClassSilenceControl=True
                   	SoundOnAllFinishers=True
                   	SkipClassOnRecall=True
                   	[/Profile]
                   	
                   	[Controller=0]
                   	IpAddress=eth008
                   	On=32,1,0
                   	Off=33,1,0
                   	Connection=Horn		'Memo
                   	Sound=horn.wav
                   	[/Controller]
                   	
                   	[Controller=1]
                   	IpAddress=eth008
                   	On=32,2,0
                   	Off=33,2,0
                   	Connection=White Light	'Memo
                   	[/Controller]
                   	
                   	[Controller=2]
                   	IpAddress=eth008
                   	On=32,3,0
                   	Off=33,3,0
                   	Connection=Yellow Light	'Memo
                   	[/Controller]
                   	
                   	[Controller=3]
                   	IpAddress=eth008
                   	On=32,4,0
                   	Off=33,4,0
                   	Connection=Green Light	'Memo
                   	[/Controller]
                   	
                   	[Controller=4]
                   	IpAddress=eth008
                   	On=32,5,0
                   	Off=33,5,0
                   	Connection=Red Light	'Memo
                   	[/Controller]
                   	
                   	'Set up mandatory command signals first
                   	[Signal=1]
                   	Type=Horn
                   	Name=Horn Short		'Caption on Command Button
                   	Group=Sound
                   	CommandVisible=True	'Make Command Button visible
                   	Flag=Horn1Short		'Name of Flag Image file
                   	TTL=1000			'Millisecs TTL only applies on the UP
                   	Cycles=1		'How many up cycles
                   	Raised=True		'initially raise flag on load
                   	Controller=0		'Sound
                   	[/Signal]
                   	
                   	'Set up postponement signals
                   	[Signal=2]
                   	Type=Flag	
                   	Name=Postpone
                   	Group=Postpone	'Not defined if no Members of this Group
                   	CommandVisible=True
                   	Flag=ICS_Answer
                   	Raised=True
                   	UpLink=7,True		'2 Short
                   	DownLink=1,True		'1 short
                   	[/Signal]
                   	
                   	[Signal=3]
                   	Type=Recall	
                   	Name=Recall
                   	Group=Recall
                   	CommandVisible=True
                   	Flag=ICS_X-ray
                   	Raised=True
                   	UpLink=1,True		'Horn 1 Short
                   	UpLink=32,True		'White Flash
                   	DownLink=32,False
                   	UpLink=10,True		'Recall Class
                   	DownLink=10,False
                   	[/Signal]
                   	
                   	[Signal=4]
                   	Type=Recall	
                   	Name=General Recall
                   	Group=Recall
                   	CommandVisible=True
                   	Flag=ICS_Repeat_One
                   	Raised=True
                   	UpLink=7,True		'Horn 2 Short
                   	UpLink=32,True		'White Flash
                   	DownLink=32,False
                   	UpLink=10,True		'Recall Class
                   	DownLink=10,False
                   	DownLink=1,True		'Horn 1 Short
                   	[/Signal]
                   	
                   	[Signal=5]
                   	Type=Flag	
                   	Name=Finish
                   	Group=White
                   	CommandVisible=True
                   	Flag=TrafficLightWhite
                   	'Finish is always a downlink because there is visible flag
                   	DownLink=1,True		'Horn 1 Short
                   	DownLink=31,True	'White 1
                   	Controller=1		'White
                   	[/Signal]
                   	
                   	'End of pre-defined command buttons
                   	[Signal=6]
                   	Type=Flag
                   	Name=Horn Long
                   	Group=Sound
                   	CommandVisible=False
                   	Flag=Horn1Long		'Image,Fixed,Parent
                   	TTL=2000		'Millisecs TTL only applies on the UP
                   	Cycles=1		'How many up cycles
                   	Raised=True		'initially make visible on load
                   	Controller=0		'Sound
                   	[/Signal]
                   	
                   	[Signal=7]
                   	Type=Flag
                   	Name=Horn 2 Short
                   	Group=Sound
                   	CommandVisible=False
                   	Flag=Horn2Short		'Image,Fixed,Parent
                   	TTL=1000			'Millisecs TTL only applies on the UP
                   	Cycles=2		'How many up cycles
                   	Raised=True		'initially Raise on load
                   	Controller=0		'Sound
                   	[/Signal]
                   	
                   	[Signal=8]
                   	Type=Flag
                   	Name=Horn 3 Short	
                   	Group=Sound
                   	CommandVisible=False
                   	Flag=Horn3Short		'Image,Fixed,Parent
                   	TTL=1000			'Millisecs TTL only applies on the UP
                   	Cycles=3		'How many up cycles
                   	Raised=True		'initially Raise on load
                   	UpLink=32,True		'White
                   	DownLink=32,False	'White
                   	Controller=0		'Sound
                   	[/Signal]
                   	
                   	[Signal=9]
                   	Type=Flag
                   	Name=Horn -----	
                   	Group=Sound
                   	CommandVisible=False
                   	Flag=Horn1Long		'Image,Fixed,Parent
                   	TTL=2000		'Millisecs TTL only applies on the UP
                   	Cycles=0		'Continuous
                   	Raised=True		'initially Raise on load
                   	Controller=0		'Sound
                   	[/Signal]
                   	
                   	[Signal=10]
                   	Type=Recall	
                   	Name=Recall Class
                   	Group=Recall
                   	CommandVisible=False
                   	'Flag=ICS_Foxtrot
                   	Raised=True
                   	[/Signal]
                   	
                   	'Set up Preparatory signals
                   	[Signal=11]
                   	Type=Flag	
                   	Name=Preparatory P
                   	Group=Preparatory
                   	CommandVisible=False
                   	Flag=ICS_Papa		'Image file for the flag
                   	Raised=True		'initially raise on load
                   	'UpLink=1,True		'Silent for SYC
                   	'DownLink=6,True		'Silent for SYC
                   	[/Signal]
                   	
                   	[Signal=12]
                   	Type=Flag	
                   	Name=Perparatory I
                   	Group=Preparatory
                   	CommandVisible=False
                   	Flag=ICS_India		'Image file for the flag
                   	Raised=True		'initially raise on load
                   	UpLink=1,True		'Silent for SYC
                   	DownLink=6,True		'Silent for SYC
                   	[/Signal]
                   	
                   	[Signal=13]
                   	Type=Flag 	
                   	Name=Preparatory Z
                   	Group=Preparatory
                   	CommandVisible=False
                   	Flag=ICS_Zulu		'Image file for the flag
                   	Raised=True		'initially raise on load
                   	UpLink=1,True		'Silent for SYC
                   	DownLink=6,True		'Silent for SYC
                   	[/Signal]
                   	
                   	[Signal=14]
                   	Type=Flag	
                   	Name=Preparatory Black
                   	Group=Preparatory
                   	CommandVisible=False
                   	Flag=Black		'Image file for the flag
                   	Raised=True		'initially raise on load
                   	UpLink=1,True		'Silent for SYC
                   	DownLink=6,True		'Silent for SYC
                   	[/Signal]
                   	
                   	[Signal=15]
                   	Type=Flag	
                   	Name=15 Mins
                   	Group=Postpone
                   	CommandVisible=False
                   	Flag=Ball1
                   	Raised=True		'initially raise on load
                   	UpLink=7,True		'2 Short
                   	DownLink=1,True		'1 short
                   	[/Signal]
                   	
                   	[Signal=16]
                   	Type=Flag	
                   	Name=30 Mins
                   	Group=Postpone
                   	CommandVisible=False
                   	Flag=Ball2
                   	Raised=True		'initially raise on load
                   	UpLink=7,True		'2 Short
                   	DownLink=1,True		'1 short
                   	[/Signal]
                   	
                   	[Signal=17]
                   	Type=Flag	
                   	Name=45 Mins
                   	Group=Postpone
                   	CommandVisible=False
                   	Flag=Ball3
                   	'Parent=2
                   	Raised=True		'initially raise on load
                   	UpLink=7,True		'2 Short
                   	DownLink=1,True		'1 short
                   	[/Signal]
                   	
                   	[Signal=21]
                   	Type=Flag	
                   	Name=Notice
                   	Group=Other
                   	CommandVisible=False
                   	Flag=ICS_Lima
                   	Raised=True		'initially raise on load
                   	UpLink=1,True		'1 Short
                   	[/Signal]
                   	
                   	[Signal=22]
                   	Type=Flag	
                   	Name=Floatation
                   	Group=Other
                   	CommandVisible=False
                   	Flag=ICS_Yankee
                   	Raised=True		'initially raise on load
                   	UpLink=1,True		'1 Short
                   	[/Signal]
                   	
                   	[Signal=25]
                   	Type=Flag	
                   	Name=Abandon Started
                   	Group=Abandon
                   	CommandVisible=False
                   	Flag=ICS_November
                   	Raised=True		'initially raise on load
                   	UpLink=8,True		'3 Short
                   	DownLink=1,True		'1 short
                   	[/Signal]
                   	
                   	[Signal=26]
                   	Type=Flag	
                   	Name=Abandon All
                   	Group=Abandon
                   	CommandVisible=False
                   	Flag=ICS_Hotel
                   	Raised=True		'initially raise on load
                   	UpLink=8,True		'1 Short
                   	[/Signal]
                   	
                   	[Signal=27]
                   	Type=Flag	
                   	Name=Abandon Info
                   	Group=Abandon
                   	CommandVisible=False
                   	Flag=ICS_Alpha
                   	Raised=True		'initially raise on load
                   	UpLink=8,True		'1 Short
                   	[/Signal]
                   	
                   	[Signal=31]
                   	Type=Flag	
                   	Name=White Short
                   	Group=White
                   	Row=4			'If as fixed position, Define after Group
                   	CommandVisible=False
                   	Flag=TrafficLightWhite
                   	Raised=True		'initially raise on load
                   	TTL=1000		'Slow Flash
                   	Cycles=1
                   	Controller=1
                   	[/Signal]
                   	
                   	[Signal=32]
                   	Type=White		'Must be Recall to use Multiplier	
                   	Name=White Fl
                   	Group=White	
                   	'Row=4			'If as fixed position, Define after Group
                   	CommandVisible=False
                   	Flag=TrafficLightWhite
                   	Raised=True		'initially raise on load
                   	TTL=1000			'Quick Flash
                   	Cycles=0		'Continuous
                   	Controller=1
                   	[/Signal]
                   	
                   	[Signal=33]
                   	Type=Amber		'Must be Recall to use Multiplier	
                   	Name=Amber
                   	Group=Amber	
                   	CommandVisible=False
                   	Flag=TrafficLightAmber
                   	Raised=True		'initially raise on load
                   	Controller=2
                   	[/Signal]
                   	
                   	[Signal=34]
                   	Type=Green		'Must be Recall to use Multiplier	
                   	Name=Green
                   	Group=Green	
                   	CommandVisible=False
                   	Flag=TrafficLightGreen
                   	Raised=True		'initially raise on load
                   	Controller=3
                   	[/Signal]
                   	
                   	[Signal=35]
                   	Type=Red		'Must be Recall to use Multiplier	
                   	Name=Red
                   	Group=Red	
                   	CommandVisible=False
                   	Flag=TrafficLightRed
                   	Raised=True		'initially raise on load
                   	Controller=4
                   	[/Signal]
                   	
                   	'Set up Class Signals Last as on initial load they will take all remaining free cols
                   	[Signal=41]
                   	Type=Flag	
                   	Name=Class 707	'Must use Event [Class=707]
                   	Group=Class
                   	CommandVisible=False
                   	Flag=Class_707
                   	Raised=True		'initially raise on load
                   	UpLink=1,True
                   	DownLink=1,True
                   	UpLink=33,True		'Amber
                   	DownLink=33,False
                   	[/Signal]
                   	
                   	[Signal=42]
                   	Type=Flag	
                   	Name=Class 2
                   	Group=Class
                   	CommandVisible=False
                   	Flag=ICS_Pennant_Two
                   	Raised=True		'initially raise on load
                   	UpLink=1,True
                   	DownLink=1,True
                   	UpLink=34,True		'Green
                   	DownLink=34,False
                   	[/Signal]
                   	
                   	[Signal=43]
                   	Type=Flag	
                   	Name=Class 3
                   	Group=Class
                   	CommandVisible=False
                   	Flag=ICS_Pennant_Three
                   	Raised=True		'initially raise on load
                   	'Silent for SYC Multiple - Previous Class Down also Sounds horn
                   	'UpLink=1,True		'Silent for SYC Multiple
                   	DownLink=1,True
                   	UpLink=35,True		'Red
                   	DownLink=35,False
                   	[/Signal]
                   	
                   	[Signal=44]
                   	Type=Flag	
                   	Name=Class 4
                   	Group=Class
                   	CommandVisible=False
                   	Flag=ICS_Pennant_Four
                   	Raised=True		'initially raise on load
                   	'Silent for SYC Multiple - Previous Class Down also Sounds horn
                   	'UpLink=1,True		'Silent for SYC Multiple
                   	DownLink=1,True
30/04/2015 16:53:00	UpLink=33,True		'Amber
                   	DownLink=33,False
                   	[/Signal]
                   	
                   	[Signal=45]
                   	Type=Flag	
                   	Name=Class 5
                   	Group=Class
                   	CommandVisible=False
                   	Flag=ICS_Pennant_Five
                   	Raised=True		'initially raise on load
                   	'Silent for SYC Multiple - Previous Class Down also Sounds horn
                   	'UpLink=1,True		'
                   	DownLink=1,True
                   	UpLink=34,True		'Green
                   	DownLink=34,False
                   	[/Signal]
                   	
                   	[Signal=46]
                   	Type=Flag	
                   	Name=Class 6
                   	Group=Class
                   	CommandVisible=False
                   	Flag=ICS_Pennant_Six
                   	Raised=True		'initially raise on load
                   	UpLink=1,True
                   	DownLink=1,True
                   	[/Signal]
                   	
                   	[Signal=47]
                   	Type=Flag	
                   	Name=Class 7
                   	Group=Class
                   	CommandVisible=False
                   	Flag=ICS_Pennant_Seven
                   	Raised=True		'initially raise on load
                   	UpLink=1,True
                   	DownLink=1,True
                   	[/Signal]
                   	
                   	[Signal=48]
                   	Type=Flag	
                   	Name=Class 8
                   	Group=Class
                   	CommandVisible=False
                   	Flag=ICS_Pennant_Eight
                   	Raised=True		'initially raise on load
                   	UpLink=1,True
                   	DownLink=1,True
                   	[/Signal]
                   	
                   	[Signal=49]
                   	Type=Flag	
                   	Name=Class 9
                   	Group=Class
                   	CommandVisible=False
                   	Flag=ICS_Pennant_Niner
                   	Raised=True		'initially raise on load
                   	UpLink=1,True
                   	DownLink=1,True
                   	[/Signal]
                   	
                   	[Signal=51]
                   	Type=Flag	
                   	Name=Shorten
                   	Group=Shorten
                   	CommandVisible=False
                   	Flag=ICS_Sierra
                   	Raised=True		'initially raise on load
                   	UpLink=7,True
                   	[/Signal]
                   	
                   	[Signal=52]
                   	Type=Flag	
                   	Name=Change
                   	Group=Change
                   	CommandVisible=False
                   	Flag=ICS_Charlie
                   	Raised=True		'initially raise on load
                   	UpLink=9,True		'Continuous long
                   	DownLink=9,False	'Continuous long
                   	[/Signal]
                   	
                   	[Signal=53]
                   	Type=Flag	
                   	Name=Starboard
                   	Group=Change
                   	CommandVisible=False
                   	Flag=Starboard
                   	Raised=True		'initially raise on load
                   	[/Signal]
                   	
                   	[Signal=54]
                   	Type=Flag	
                   	Name=Port
                   	Group=Change
                   	CommandVisible=False
                   	Flag=Port
                   	Raised=True		'initially raise on load
                   	[/Signal]
                   	
                   	[Signal=55]
                   	Type=Flag	
                   	Name=Minus
                   	Group=Change
                   	CommandVisible=False
                   	Flag=Minus
                   	Raised=True		'initially raise on load
                   	[/Signal]
                   	
                   	[Signal=56]
                   	Type=Flag	
                   	Name=Plus
                   	Group=Change
                   	CommandVisible=False
                   	Flag=Plus
                   	Raised=True		'initially raise on load
                   	[/Signal]
                   	
                   	[Signal=57]
                   	Type=Flag	
                   	Name=Mark
                   	Group=Other
                   	CommandVisible=False
                   	Flag=ICS_Mike
                   	Raised=True		'initially raise on load
                   	UpLink=9,True		'Continuous long
                   	DownLink=9,False		'Continuous long
                   	[/Signal]
                   	
                   	[Signal=58]
                   	Type=Flag	
                   	Name=Blue
                   	Group=Other
                   	CommandVisible=False
                   	Flag=Blue
                   	Raised=True		'initially raise on load
                   	[/Signal]
                   	
                   	[Template=Class]
                   	
                   	EventOffset=-660	'If Raised, Lower Postpone 1 min before Class Warning
                   	[Event=<ElapsedTime>-<EventOffset>]
                   	Signal=Postpone
                   	Message=Drop Postpone
                   	Raised=False
                   	[/Event]
                   	
                   	EventOffset=-600
                   	[Event=<ElapsedTime>-<EventOffset>]
                   	Signal=<ClassName>
                   	Message=~Warning <ClassName>
                   	Raised=True
                   	[/Event]
                   	
                   	EventOffset=-300
                   	[Event=<ElapsedTime>-<EventOffset>]
                   	Signal=Preparatory P
                   	Message=~Preparatory <ClassName>
                   	Raised=True
                   	Silent=True	'Only sound Next Class up with Multiple starts
                   	[/Event]
                   	
                   	EventOffset=0
                   	[Event=<ElapsedTime>-<EventOffset>]
                   	Signal=<ClassName>
                   	Message=<ClassName> Start
                   	'Raised=False
                   	FunctionCall=LoadStart
                   	[/Event]
                   	[/Template]
                   	
                   	[Template=Recall]
                   	EventOffset=0
                   	[Event=<ElapsedTime>-<EventOffset>]
                   	Message=Recall Enabled <ClassName>
                   	'Button=General Recall,True
                   	'Focus=Recall	'Will enable Recall
                   	[/Event]
                   	
                   	EventOffset=30
                   	[Event=<ElapsedTime>-<EventOffset>]
                   	Message=Query Recall Timeout <ClassName>
                   	FunctionCall=QueryRecallTimeout
                   	'Button=Recall,False
                   	'Button=General Recall,False
                   	[/Event]
                   	
                   	EventOffset=120
                   	[Event=<ElapsedTime>-<EventOffset>]
                   	Message=Recall Timeout <ClassName>
                   	FunctionCall=RecallTimeout
                   	'Signal=Recall
                   	'Raised=False
                   	'Signal=General Recall
                   	'Raised=False
                   	[/Event]
                   	
                   	[/Template]
                   	
                   	[Class=Class 707]	'Must be the name of a flag
                   	ElapsedTime=0
                   	[/Class]
                   	
                   	[Class=Class 2]
                   	ElapsedTime=300
                   	[/Class]
                   	
                   	[Class=Class 3]
                   	ElapsedTime=600
                   	[/Class]
                   	
                   	[Class=Class 4]
                   	ElapsedTime=900
                   	[/Class]
                   	
                   	[Class=Class 5]
                   	ElapsedTime=1200
                   	[/Class]
                   	
                   	Profile Closed
                   	Profile Killed
                   	CommandFromCaption Finish
                   	RaceTimer Enabled
                   	OpenAndSend 33,1,0
30/04/2015 16:53:01	16:53:01
30/04/2015 16:53:02	16:53:02
30/04/2015 16:53:03	16:53:03
                   	ClearFlags_Timer Fired
                   	OpenAndSend 33,2,0
                   	OpenAndSend 33,3,0
                   	OpenAndSend 33,4,0
                   	OpenAndSend 33,5,0
                   	Program 60783
                   		Profile Loaded
                   	NextClassStarted 60783
                   		Next=Class 707
30/04/2015 16:53:04	16:53:04
30/04/2015 16:53:05	16:53:05
30/04/2015 16:53:06	16:53:06
30/04/2015 16:53:07	16:53:07
30/04/2015 16:53:08	16:53:08
30/04/2015 16:53:09	16:53:09
30/04/2015 16:53:10	16:53:10
30/04/2015 16:53:11	16:53:11
30/04/2015 16:53:12	16:53:12
30/04/2015 16:53:13	16:53:13
30/04/2015 16:53:14	16:53:14
30/04/2015 16:53:15	16:53:15
30/04/2015 16:53:16	16:53:16
30/04/2015 16:53:17	16:53:17
30/04/2015 16:53:18	16:53:18
30/04/2015 16:53:19	16:53:19
30/04/2015 16:53:20	Program 60799
                   		Start Time Set
                   	CommandFromCaption Postpone
                   	CommandFromCaption Postpone
                   	CommandFromCaption Recall
                   	CommandFromCaption Recall
                   	CommandFromCaption General Recall
                   	CommandFromCaption GeneralRecall
                   	CommandFromCaption Finish
                   	CommandFromCaption Finish
                   	Sequence 60799
                   	DisplaySequence
                   	CommandFromCaption Finish
                   	CommandFromCaption Postpone
                   		Not Started
                   	DisplaySequence
                   	CommandFromCaption Finish
                   	CommandFromCaption Postpone
                   	16:53:20
30/04/2015 16:53:21	16:53:21
30/04/2015 16:53:22	16:53:22
30/04/2015 16:53:23	16:53:23
30/04/2015 16:53:24	16:53:24
30/04/2015 16:53:25	16:53:25
30/04/2015 16:53:26	16:53:26
30/04/2015 16:53:27	16:53:27
30/04/2015 16:53:28	16:53:28
30/04/2015 16:53:29	16:53:29
30/04/2015 16:53:30	16:53:30
30/04/2015 16:53:31	16:53:31
30/04/2015 16:53:32	16:53:32
30/04/2015 16:53:33	16:53:33
30/04/2015 16:53:34	16:53:34
30/04/2015 16:53:35	16:53:35
30/04/2015 16:53:36	16:53:36
30/04/2015 16:53:37	16:53:37
30/04/2015 16:53:38	16:53:38
30/04/2015 16:53:39	16:53:39
30/04/2015 16:53:40	16:53:40
30/04/2015 16:53:41	16:53:41
30/04/2015 16:53:42	16:53:42
30/04/2015 16:53:43	16:53:43
30/04/2015 16:53:44	16:53:44
30/04/2015 16:53:45	16:53:45
30/04/2015 16:53:46	16:53:46
30/04/2015 16:53:47	16:53:47
30/04/2015 16:53:48	16:53:48
30/04/2015 16:53:49	16:53:49
30/04/2015 16:53:50	16:53:50
30/04/2015 16:53:51	16:53:51
30/04/2015 16:53:52	16:53:52
30/04/2015 16:53:53	16:53:53
30/04/2015 16:53:54	16:53:54
                   	Program -66
                   		Start Sequence Commenced
                   	Sequence -66
                   	DisplaySequence
                   	CommandFromCaption Finish
                   	CommandFromCaption Postpone
                   		Postpone
                   	Recalls -66
                   	DisplaySequence
                   	CommandFromCaption Finish
                   	CommandFromCaption Postpone
30/04/2015 16:53:55	16:53:55
30/04/2015 16:53:56	16:53:56
30/04/2015 16:53:57	16:53:57
30/04/2015 16:53:58	16:53:58
30/04/2015 16:53:59	16:53:59
30/04/2015 16:54:00	16:54:00
                   	OpenAndSend 32,1,0
                   	OpenAndSend 32,3,0
30/04/2015 16:54:01	16:54:01
                   	OpenAndSend 33,1,0
30/04/2015 16:54:02	16:54:02
30/04/2015 16:54:03	16:54:03
30/04/2015 16:54:04	16:54:04
30/04/2015 16:54:05	16:54:05
30/04/2015 16:54:06	16:54:06
30/04/2015 16:54:07	16:54:07
30/04/2015 16:54:08	16:54:08
30/04/2015 16:54:09	16:54:09
30/04/2015 16:54:10	16:54:10
30/04/2015 16:54:11	16:54:11
30/04/2015 16:54:12	16:54:12
30/04/2015 16:54:13	16:54:13
30/04/2015 16:54:14	16:54:14
30/04/2015 16:54:15	16:54:15
30/04/2015 16:54:16	16:54:16
30/04/2015 16:54:17	16:54:17
30/04/2015 16:54:18	16:54:18
30/04/2015 16:54:19	16:54:19
                   	OpenAndSend 32,1,0
30/04/2015 16:54:20	16:54:20
                   	OpenAndSend 33,1,0
30/04/2015 16:54:21	16:54:21
30/04/2015 16:54:22	16:54:22
30/04/2015 16:54:23	16:54:23
30/04/2015 16:54:24	16:54:24
30/04/2015 16:54:25	16:54:25
30/04/2015 16:54:26	16:54:26
30/04/2015 16:54:27	16:54:27
30/04/2015 16:54:28	16:54:28
30/04/2015 16:54:29	16:54:29
30/04/2015 16:54:30	16:54:30
                   	OpenAndSend 32,1,0
                   	OpenAndSend 32,4,0
30/04/2015 16:54:31	OpenAndSend 33,1,0
                   	16:54:31
30/04/2015 16:54:32	16:54:32
30/04/2015 16:54:33	16:54:33
30/04/2015 16:54:34	16:54:34
30/04/2015 16:54:35	16:54:35
30/04/2015 16:54:36	16:54:36
30/04/2015 16:54:37	16:54:37
30/04/2015 16:54:38	16:54:38
30/04/2015 16:54:39	16:54:39
30/04/2015 16:54:40	16:54:40
30/04/2015 16:54:41	16:54:41
30/04/2015 16:54:42	16:54:42
30/04/2015 16:54:43	16:54:43
30/04/2015 16:54:44	16:54:44
30/04/2015 16:54:45	16:54:45
30/04/2015 16:54:46	16:54:46
30/04/2015 16:54:47	16:54:47
30/04/2015 16:54:48	16:54:48
30/04/2015 16:54:49	16:54:49
30/04/2015 16:54:50	16:54:50
30/04/2015 16:54:51	16:54:51
30/04/2015 16:54:52	16:54:52
30/04/2015 16:54:53	16:54:53
30/04/2015 16:54:54	16:54:54
30/04/2015 16:54:55	16:54:55
30/04/2015 16:54:56	16:54:56
30/04/2015 16:54:57	16:54:57
30/04/2015 16:54:58	16:54:58
30/04/2015 16:54:59	16:54:59
30/04/2015 16:55:00	16:55:00
                   	OpenAndSend 33,3,0
                   	OpenAndSend 32,1,0
                   	NextClassStarted 0
                   		Last=Class 707
                   		Next=Class 2
                   	Sequence 0
                   	DisplaySequence
                   	CommandFromCaption Finish
                   	CommandFromCaption Postpone
                   		Recalls
                   	Recalls 0
                   	CommandFromCaption Recall
                   	CommandFromCaption General Recall
                   		Both
                   	DisplaySequence
                   	CommandFromCaption Finish
                   	CommandFromCaption Postpone
                   	OpenAndSend 32,5,0
30/04/2015 16:55:01	OpenAndSend 33,1,0
                   	16:55:01
30/04/2015 16:55:02	16:55:02
30/04/2015 16:55:03	16:55:03
                   	QueryRecallTimeout 3
                   	Sequence 3
                   	DisplaySequence
                   	CommandFromCaption Finish
                   	CommandFromCaption Postpone
                   		Postpone
                   	Recalls 3
                   	CommandFromCaption Recall
                   	CommandFromCaption General Recall
                   		None
                   	DisplaySequence
                   	CommandFromCaption Finish
                   	CommandFromCaption Postpone
30/04/2015 16:55:04	16:55:04
30/04/2015 16:55:05	16:55:05
30/04/2015 16:55:06	16:55:06
30/04/2015 16:55:07	16:55:07
30/04/2015 16:55:08	16:55:08
30/04/2015 16:55:09	16:55:09
30/04/2015 16:55:10	16:55:10
30/04/2015 16:55:11	16:55:11
30/04/2015 16:55:12	16:55:12
                   	RecallTimeout 12
30/04/2015 16:55:13	16:55:13
30/04/2015 16:55:14	16:55:14
30/04/2015 16:55:15	16:55:15
30/04/2015 16:55:16	16:55:16
30/04/2015 16:55:17	16:55:17
30/04/2015 16:55:18	16:55:18
30/04/2015 16:55:19	16:55:19
30/04/2015 16:55:20	16:55:20
30/04/2015 16:55:21	16:55:21
30/04/2015 16:55:22	16:55:22
30/04/2015 16:55:23	16:55:23
30/04/2015 16:55:24	16:55:24
30/04/2015 16:55:25	16:55:25
30/04/2015 16:55:26	16:55:26
30/04/2015 16:55:27	16:55:27
30/04/2015 16:55:28	16:55:28
30/04/2015 16:55:29	16:55:29
30/04/2015 16:55:30	16:55:30
                   	OpenAndSend 33,4,0
                   	OpenAndSend 32,1,0
                   	NextClassStarted 30
                   		Last=Class 2
                   		Next=Class 3
                   	Sequence 30
                   	DisplaySequence
                   	CommandFromCaption Finish
                   	CommandFromCaption Postpone
                   		Recalls
                   	Recalls 30
                   	CommandFromCaption Recall
                   	CommandFromCaption General Recall
                   		Both
                   	DisplaySequence
                   	CommandFromCaption Finish
                   	CommandFromCaption Postpone
                   	OpenAndSend 32,3,0
30/04/2015 16:55:31	OpenAndSend 33,1,0
                   	16:55:31
30/04/2015 16:55:32	16:55:32
30/04/2015 16:55:33	16:55:33
                   	QueryRecallTimeout 33
                   	Sequence 33
                   	DisplaySequence
                   	CommandFromCaption Finish
                   	CommandFromCaption Postpone
                   		Postpone
                   	Recalls 33
                   	CommandFromCaption Recall
                   	CommandFromCaption General Recall
                   		None
                   	DisplaySequence
                   	CommandFromCaption Finish
                   	CommandFromCaption Postpone
30/04/2015 16:55:34	16:55:34
30/04/2015 16:55:35	16:55:35
30/04/2015 16:55:36	16:55:36
30/04/2015 16:55:37	16:55:37
30/04/2015 16:55:38	16:55:38
30/04/2015 16:55:39	16:55:39
30/04/2015 16:55:40	16:55:40
30/04/2015 16:55:41	16:55:41
30/04/2015 16:55:42	16:55:42
                   	RecallTimeout 42
30/04/2015 16:55:43	16:55:43
30/04/2015 16:55:44	16:55:44
30/04/2015 16:55:45	16:55:45
30/04/2015 16:55:46	16:55:46
30/04/2015 16:55:47	16:55:47
30/04/2015 16:55:48	16:55:48
30/04/2015 16:55:49	16:55:49
30/04/2015 16:55:50	16:55:50
30/04/2015 16:55:51	16:55:51
30/04/2015 16:55:52	16:55:52
30/04/2015 16:55:53	16:55:53
30/04/2015 16:55:54	16:55:54
30/04/2015 16:55:55	16:55:55
30/04/2015 16:55:56	16:55:56
30/04/2015 16:55:57	16:55:57
30/04/2015 16:55:58	16:55:58
30/04/2015 16:55:59	16:55:59
30/04/2015 16:56:00	16:56:00
                   	OpenAndSend 33,5,0
                   	OpenAndSend 32,1,0
                   	NextClassStarted 60
                   		Last=Class 3
                   		Next=Class 4
                   	Sequence 60
                   	DisplaySequence
                   	CommandFromCaption Finish
                   	CommandFromCaption Postpone
                   		Recalls
                   	Recalls 60
                   	CommandFromCaption Recall
                   	CommandFromCaption General Recall
                   		Both
                   	DisplaySequence
                   	CommandFromCaption Finish
                   	CommandFromCaption Postpone
                   	OpenAndSend 32,4,0
30/04/2015 16:56:01	OpenAndSend 33,1,0
                   	16:56:01
30/04/2015 16:56:02	16:56:02
30/04/2015 16:56:03	16:56:03
                   	QueryRecallTimeout 63
                   	Sequence 63
                   	DisplaySequence
                   	CommandFromCaption Finish
                   	CommandFromCaption Postpone
                   		Postpone
                   	Recalls 63
                   	CommandFromCaption Recall
                   	CommandFromCaption General Recall
                   		None
                   	DisplaySequence
                   	CommandFromCaption Finish
                   	CommandFromCaption Postpone
30/04/2015 16:56:04	16:56:04
30/04/2015 16:56:05	16:56:05
30/04/2015 16:56:06	16:56:06
30/04/2015 16:56:07	16:56:07
30/04/2015 16:56:08	16:56:08
30/04/2015 16:56:09	16:56:09
30/04/2015 16:56:10	16:56:10
30/04/2015 16:56:11	16:56:11
30/04/2015 16:56:12	16:56:12
                   	RecallTimeout 72
30/04/2015 16:56:13	16:56:13
30/04/2015 16:56:14	16:56:14
30/04/2015 16:56:15	16:56:15
30/04/2015 16:56:16	16:56:16
30/04/2015 16:56:17	16:56:17
30/04/2015 16:56:18	16:56:18
30/04/2015 16:56:19	16:56:19
30/04/2015 16:56:20	16:56:20
30/04/2015 16:56:21	16:56:21
30/04/2015 16:56:22	16:56:22
30/04/2015 16:56:23	16:56:23
30/04/2015 16:56:24	16:56:24
30/04/2015 16:56:25	16:56:25
30/04/2015 16:56:26	16:56:26
30/04/2015 16:56:27	16:56:27
30/04/2015 16:56:28	16:56:28
30/04/2015 16:56:29	16:56:29
30/04/2015 16:56:30	16:56:30
                   	OpenAndSend 33,3,0
                   	OpenAndSend 32,1,0
                   	NextClassStarted 90
                   		Last=Class 4
                   		Next=Class 5
                   	Sequence 90
                   	DisplaySequence
                   	CommandFromCaption Finish
                   	CommandFromCaption Postpone
                   		Recalls
                   	Recalls 90
                   	CommandFromCaption Recall
                   	CommandFromCaption General Recall
                   		Both
                   	DisplaySequence
                   	CommandFromCaption Finish
                   	CommandFromCaption Postpone
30/04/2015 16:56:31	OpenAndSend 33,1,0
                   	16:56:31
30/04/2015 16:56:32	16:56:32
30/04/2015 16:56:33	16:56:33
                   	QueryRecallTimeout 93
                   	Sequence 93
                   	DisplaySequence
                   	CommandFromCaption Finish
                   	CommandFromCaption Postpone
                   		Postpone
                   	Recalls 93
                   	CommandFromCaption Recall
                   	CommandFromCaption General Recall
                   		None
                   	DisplaySequence
                   	CommandFromCaption Finish
                   	CommandFromCaption Postpone
30/04/2015 16:56:34	16:56:34
30/04/2015 16:56:35	16:56:35
30/04/2015 16:56:36	16:56:36
30/04/2015 16:56:37	16:56:37
30/04/2015 16:56:38	16:56:38
30/04/2015 16:56:39	16:56:39
30/04/2015 16:56:40	16:56:40
30/04/2015 16:56:41	16:56:41
30/04/2015 16:56:42	16:56:42
                   	RecallTimeout 102
30/04/2015 16:56:43	16:56:43
30/04/2015 16:56:44	16:56:44
30/04/2015 16:56:45	16:56:45
30/04/2015 16:56:46	16:56:46
30/04/2015 16:56:47	16:56:47
30/04/2015 16:56:48	16:56:48
30/04/2015 16:56:49	16:56:49
30/04/2015 16:56:50	16:56:50
30/04/2015 16:56:51	16:56:51
30/04/2015 16:56:52	16:56:52
30/04/2015 16:56:53	16:56:53
30/04/2015 16:56:54	16:56:54
30/04/2015 16:56:55	16:56:55
30/04/2015 16:56:56	16:56:56
30/04/2015 16:56:57	16:56:57
30/04/2015 16:56:58	16:56:58
30/04/2015 16:56:59	16:56:59
30/04/2015 16:57:00	16:57:00
                   	OpenAndSend 33,4,0
                   	OpenAndSend 32,1,0
                   	NextClassStarted 120
                   		Last=Class 5
                   		Next=All Classes
                   	Sequence 120
                   	DisplaySequence
                   	CommandFromCaption Finish
                   	CommandFromCaption Postpone
                   		Recalls
                   	Recalls 120
                   	CommandFromCaption Recall
                   	CommandFromCaption General Recall
                   		Both
                   	DisplaySequence
                   	CommandFromCaption Finish
                   	CommandFromCaption Postpone
30/04/2015 16:57:01	OpenAndSend 33,1,0
                   	16:57:01
30/04/2015 16:57:02	16:57:02
30/04/2015 16:57:03	16:57:03
                   	QueryRecallTimeout 123
                   	Sequence 123
                   	DisplaySequence
                   	CommandFromCaption Finish
                   	CommandFromCaption Postpone
                   		Finish
                   	Recalls 123
                   	CommandFromCaption Recall
                   	CommandFromCaption General Recall
                   		None
                   	DisplaySequence
                   	CommandFromCaption Finish
                   	CommandFromCaption Postpone
30/04/2015 16:57:04	16:57:04
30/04/2015 16:57:05	16:57:05
30/04/2015 16:57:06	16:57:06
30/04/2015 16:57:07	16:57:07
30/04/2015 16:57:08	16:57:08
30/04/2015 16:57:09	16:57:09
30/04/2015 16:57:10	16:57:10
30/04/2015 16:57:11	16:57:11
30/04/2015 16:57:12	16:57:12
                   	RecallTimeout 132
30/04/2015 16:57:13	16:57:13
                   	Program 133
                   		Start Sequence Finished
30/04/2015 16:57:14	16:57:14
30/04/2015 16:57:15	16:57:15
30/04/2015 16:57:16	16:57:16
30/04/2015 16:57:17	16:57:17
30/04/2015 16:57:18	16:57:18
30/04/2015 16:57:19	16:57:19
30/04/2015 16:57:20	16:57:20
30/04/2015 16:57:21	16:57:21
30/04/2015 16:57:22	16:57:22
30/04/2015 16:57:23	16:57:23
30/04/2015 16:57:24	16:57:24
30/04/2015 16:57:25	16:57:25
30/04/2015 16:57:26	16:57:26
30/04/2015 16:57:27	16:57:27
30/04/2015 16:57:28	16:57:28
30/04/2015 16:57:29	16:57:29
30/04/2015 16:57:30	16:57:30
30/04/2015 16:57:31	16:57:31
30/04/2015 16:57:32	16:57:32
30/04/2015 16:57:33	16:57:33
30/04/2015 16:57:34	16:57:34
30/04/2015 16:57:35	16:57:35
30/04/2015 16:57:36	16:57:36
30/04/2015 16:57:37	16:57:37
30/04/2015 16:57:38	16:57:38
30/04/2015 16:57:39	16:57:39
30/04/2015 16:57:40	16:57:40
30/04/2015 16:57:41	16:57:41
30/04/2015 16:57:42	16:57:42
30/04/2015 16:57:43	16:57:43
30/04/2015 16:57:44	16:57:44
30/04/2015 16:57:45	16:57:45
30/04/2015 16:57:46	16:57:46
30/04/2015 16:57:47	16:57:47
30/04/2015 16:57:48	16:57:48
30/04/2015 16:57:49	16:57:49
30/04/2015 16:57:50	16:57:50
30/04/2015 16:57:51	16:57:51
30/04/2015 16:57:52	16:57:52
30/04/2015 16:57:53	16:57:53
30/04/2015 16:57:54	16:57:54
30/04/2015 16:57:55	16:57:55
30/04/2015 16:57:56	16:57:56
30/04/2015 16:57:57	16:57:57
30/04/2015 16:57:58	16:57:58
30/04/2015 16:57:59	16:57:59
30/04/2015 16:58:00	16:58:00
30/04/2015 16:58:01	16:58:01
30/04/2015 16:58:02	16:58:02
30/04/2015 16:58:03	16:58:03
30/04/2015 16:58:04	16:58:04
30/04/2015 16:58:05	16:58:05
30/04/2015 16:58:06	16:58:06
30/04/2015 16:58:07	16:58:07
30/04/2015 16:58:08	16:58:08
30/04/2015 16:58:09	16:58:09
30/04/2015 16:58:10	16:58:10
30/04/2015 16:58:11	16:58:11
30/04/2015 16:58:12	16:58:12
30/04/2015 16:58:13	16:58:13
30/04/2015 16:58:14	16:58:14
30/04/2015 16:58:15	16:58:15
30/04/2015 16:58:16	16:58:16
30/04/2015 16:58:17	16:58:17
30/04/2015 16:58:18	16:58:18
30/04/2015 16:58:19	16:58:19
30/04/2015 16:58:20	16:58:20
30/04/2015 16:58:21	16:58:21
30/04/2015 16:58:22	16:58:22
30/04/2015 16:58:23	16:58:23
30/04/2015 16:58:24	16:58:24
30/04/2015 16:58:25	16:58:25
30/04/2015 16:58:26	16:58:26
30/04/2015 16:58:27	16:58:27
30/04/2015 16:58:28	16:58:28
30/04/2015 16:58:29	16:58:29
30/04/2015 16:58:30	16:58:30
30/04/2015 16:58:31	16:58:31
30/04/2015 16:58:32	16:58:32
30/04/2015 16:58:33	16:58:33
30/04/2015 16:58:34	16:58:34
30/04/2015 16:58:35	16:58:35
30/04/2015 16:58:36	16:58:36
30/04/2015 16:58:37	16:58:37
30/04/2015 16:58:38	16:58:38
30/04/2015 16:58:39	16:58:39
30/04/2015 16:58:40	16:58:40
30/04/2015 16:58:41	16:58:41
30/04/2015 16:58:42	16:58:42
30/04/2015 16:58:43	16:58:43
30/04/2015 16:58:44	16:58:44
30/04/2015 16:58:45	16:58:45
30/04/2015 16:58:46	16:58:46
30/04/2015 16:58:47	16:58:47
30/04/2015 16:58:48	16:58:48
30/04/2015 16:58:49	16:58:49
30/04/2015 16:58:50	16:58:50
30/04/2015 16:58:51	16:58:51
30/04/2015 16:58:52	16:58:52
30/04/2015 16:58:53	16:58:53
30/04/2015 16:58:54	16:58:54
30/04/2015 16:58:55	16:58:55
30/04/2015 16:58:56	16:58:56
30/04/2015 16:58:57	16:58:57
30/04/2015 16:58:58	16:58:58
30/04/2015 16:58:59	16:58:59
30/04/2015 16:59:00	16:59:00
30/04/2015 16:59:01	16:59:01
30/04/2015 16:59:02	16:59:02
30/04/2015 16:59:03	16:59:03
30/04/2015 16:59:04	16:59:04
30/04/2015 16:59:05	16:59:05
30/04/2015 16:59:06	16:59:06
30/04/2015 16:59:07	16:59:07
30/04/2015 16:59:08	16:59:08
30/04/2015 16:59:09	16:59:09
30/04/2015 16:59:10	16:59:10
30/04/2015 16:59:11	16:59:11
30/04/2015 16:59:12	16:59:12
30/04/2015 16:59:13	16:59:13
30/04/2015 16:59:14	16:59:14
30/04/2015 16:59:15	16:59:15
30/04/2015 16:59:16	16:59:16
30/04/2015 16:59:17	16:59:17
30/04/2015 16:59:18	16:59:18
30/04/2015 16:59:19	16:59:19
30/04/2015 16:59:20	16:59:20
30/04/2015 16:59:21	16:59:21
30/04/2015 16:59:22	16:59:22
30/04/2015 16:59:23	16:59:23
30/04/2015 16:59:24	16:59:24
30/04/2015 16:59:25	16:59:25
30/04/2015 16:59:26	16:59:26
30/04/2015 16:59:27	16:59:27
30/04/2015 16:59:28	16:59:28
30/04/2015 16:59:29	16:59:29
30/04/2015 16:59:30	16:59:30
30/04/2015 16:59:31	16:59:31
30/04/2015 16:59:32	16:59:32
30/04/2015 16:59:33	16:59:33
30/04/2015 16:59:34	16:59:34
30/04/2015 16:59:35	16:59:35
30/04/2015 16:59:36	16:59:36
30/04/2015 16:59:37	16:59:37
30/04/2015 16:59:38	16:59:38
30/04/2015 16:59:39	16:59:39
30/04/2015 16:59:40	16:59:40
30/04/2015 16:59:41	16:59:41
30/04/2015 16:59:42	16:59:42
30/04/2015 16:59:43	16:59:43
30/04/2015 16:59:44	16:59:44
30/04/2015 16:59:45	16:59:45
30/04/2015 16:59:46	16:59:46
30/04/2015 16:59:47	16:59:47
30/04/2015 16:59:48	16:59:48
30/04/2015 16:59:49	16:59:49
30/04/2015 16:59:50	16:59:50
30/04/2015 16:59:51	16:59:51
30/04/2015 16:59:52	16:59:52
30/04/2015 16:59:53	16:59:53
30/04/2015 16:59:54	16:59:54
30/04/2015 16:59:55	16:59:55
30/04/2015 16:59:56	16:59:56
30/04/2015 16:59:57	16:59:57
30/04/2015 16:59:58	16:59:58
30/04/2015 16:59:59	16:59:59
30/04/2015 17:00:00	17:00:00
30/04/2015 17:00:01	17:00:01
30/04/2015 17:00:02	17:00:02
30/04/2015 17:00:03	17:00:03
30/04/2015 17:00:04	17:00:04
30/04/2015 17:00:05	17:00:05
30/04/2015 17:00:06	17:00:06
30/04/2015 17:00:07	17:00:07
30/04/2015 17:00:08	17:00:08
30/04/2015 17:00:09	17:00:09
30/04/2015 17:00:10	17:00:10
30/04/2015 17:00:11	17:00:11
30/04/2015 17:00:12	17:00:12
30/04/2015 17:00:13	17:00:13
30/04/2015 17:00:14	17:00:14
30/04/2015 17:00:15	17:00:15
30/04/2015 17:00:16	17:00:16
30/04/2015 17:00:17	17:00:17
30/04/2015 17:00:18	17:00:18
30/04/2015 17:00:19	17:00:19
30/04/2015 17:00:20	17:00:20
30/04/2015 17:00:21	17:00:21
30/04/2015 17:00:22	17:00:22
30/04/2015 17:00:23	17:00:23
30/04/2015 17:00:24	17:00:24
30/04/2015 17:00:25	17:00:25
30/04/2015 17:00:26	17:00:26
30/04/2015 17:00:27	17:00:27
30/04/2015 17:00:28	OpenAndSend 32,1,0
                   	17:00:28
30/04/2015 17:00:29	OpenAndSend 33,1,0
                   	17:00:29
30/04/2015 17:00:30	17:00:30
30/04/2015 17:00:31	17:00:31
30/04/2015 17:00:32	17:00:32
30/04/2015 17:00:33	OpenAndSend 32,1,0
                   	OpenAndSend 32,2,0
                   	17:00:33
30/04/2015 17:00:34	OpenAndSend 33,2,0
                   	OpenAndSend 33,1,0
                   	17:00:34
30/04/2015 17:00:35	17:00:35
30/04/2015 17:00:36	17:00:36
                   	OpenAndSend 32,1,0
                   	OpenAndSend 32,2,0
30/04/2015 17:00:37	17:00:37
                   	OpenAndSend 33,2,0
                   	OpenAndSend 33,1,0
30/04/2015 17:00:38	17:00:38
30/04/2015 17:00:39	OpenAndSend 32,1,0
                   	OpenAndSend 32,2,0
                   	17:00:39
30/04/2015 17:00:40	OpenAndSend 33,1,0
                   	OpenAndSend 33,2,0
                   	17:00:40
30/04/2015 17:00:41	17:00:41
                   	OpenAndSend 32,1,0
30/04/2015 17:00:42	OpenAndSend 32,2,0
                   	17:00:42
                   	OpenAndSend 33,1,0
30/04/2015 17:00:43	OpenAndSend 33,2,0
                   	17:00:43
30/04/2015 17:00:44	OpenAndSend 32,1,0
                   	OpenAndSend 32,2,0
                   	17:00:44
30/04/2015 17:00:45	OpenAndSend 33,2,0
                   	OpenAndSend 33,1,0
                   	17:00:45
30/04/2015 17:00:46	17:00:46
30/04/2015 17:00:47	OpenAndSend 32,1,0
                   	OpenAndSend 32,2,0
                   	17:00:47
30/04/2015 17:00:48	OpenAndSend 33,1,0
                   	OpenAndSend 33,2,0
                   	17:00:48
30/04/2015 17:00:49	17:00:49
30/04/2015 17:00:50	OpenAndSend 32,1,0
                   	OpenAndSend 32,2,0
                   	17:00:50
30/04/2015 17:00:51	OpenAndSend 33,2,0
                   	OpenAndSend 33,1,0
                   	17:00:51
30/04/2015 17:00:52	17:00:52
                   	OpenAndSend 32,1,0
                   	OpenAndSend 32,2,0
30/04/2015 17:00:53	17:00:53
                   	OpenAndSend 33,1,0
                   	OpenAndSend 33,2,0
30/04/2015 17:00:54	17:00:54
30/04/2015 17:00:55	17:00:55
                   	OpenAndSend 32,1,0
                   	OpenAndSend 32,2,0
30/04/2015 17:00:56	17:00:56
                   	OpenAndSend 33,2,0
                   	OpenAndSend 33,1,0
30/04/2015 17:00:57	17:00:57
30/04/2015 17:00:58	OpenAndSend 32,1,0
                   	OpenAndSend 32,2,0
                   	17:00:58
30/04/2015 17:00:59	OpenAndSend 33,2,0
                   	OpenAndSend 33,1,0
                   	17:00:59
30/04/2015 17:01:00	OpenAndSend 32,1,0
                   	OpenAndSend 32,2,0
                   	17:01:00
30/04/2015 17:01:01	OpenAndSend 33,1,0
                   	OpenAndSend 33,2,0
                   	17:01:01
30/04/2015 17:01:02	17:01:02
30/04/2015 17:01:03	OpenAndSend 32,1,0
                   	OpenAndSend 32,2,0
                   	17:01:03
30/04/2015 17:01:04	OpenAndSend 33,1,0
                   	OpenAndSend 33,2,0
                   	17:01:04
30/04/2015 17:01:05	17:01:05
30/04/2015 17:01:06	OpenAndSend 32,1,0
                   	OpenAndSend 32,2,0
                   	17:01:06
30/04/2015 17:01:07	OpenAndSend 33,1,0
                   	OpenAndSend 33,2,0
                   	17:01:07
30/04/2015 17:01:08	OpenAndSend 32,1,0
                   	OpenAndSend 32,2,0
                   	17:01:08
30/04/2015 17:01:09	OpenAndSend 33,1,0
                   	OpenAndSend 33,2,0
                   	17:01:09
30/04/2015 17:01:10	17:01:10
30/04/2015 17:01:11	17:01:11
30/04/2015 17:01:12	OpenAndSend 32,1,0
                   	OpenAndSend 32,2,0
                   	17:01:12
30/04/2015 17:01:13	OpenAndSend 33,1,0
                   	OpenAndSend 33,2,0
                   	17:01:13
30/04/2015 17:01:14	17:01:14
                   	OpenAndSend 32,1,0
                   	OpenAndSend 32,2,0
30/04/2015 17:01:15	17:01:15
                   	OpenAndSend 33,2,0
                   	OpenAndSend 33,1,0
30/04/2015 17:01:16	17:01:16
30/04/2015 17:01:17	OpenAndSend 32,1,0
                   	OpenAndSend 32,2,0
                   	17:01:17
30/04/2015 17:01:18	OpenAndSend 33,1,0
                   	OpenAndSend 33,2,0
                   	17:01:18
30/04/2015 17:01:19	OpenAndSend 32,1,0
                   	OpenAndSend 32,2,0
                   	17:01:19
30/04/2015 17:01:20	OpenAndSend 33,2,0
                   	OpenAndSend 33,1,0
                   	17:01:20
30/04/2015 17:01:21	17:01:21
30/04/2015 17:01:22	OpenAndSend 32,1,0
                   	OpenAndSend 32,2,0
                   	17:01:22
30/04/2015 17:01:23	OpenAndSend 33,1,0
                   	OpenAndSend 33,2,0
                   	17:01:23
30/04/2015 17:01:24	OpenAndSend 32,1,0
                   	OpenAndSend 32,2,0
                   	17:01:24
30/04/2015 17:01:25	OpenAndSend 33,1,0
                   	OpenAndSend 33,2,0
                   	17:01:25
30/04/2015 17:01:26	17:01:26
30/04/2015 17:01:27	OpenAndSend 32,1,0
                   	OpenAndSend 32,2,0
                   	17:01:27
30/04/2015 17:01:28	OpenAndSend 33,1,0
                   	OpenAndSend 33,2,0
                   	17:01:28
30/04/2015 17:01:29	OpenAndSend 32,1,0
                   	OpenAndSend 32,2,0
                   	17:01:29
30/04/2015 17:01:30	OpenAndSend 33,1,0
                   	OpenAndSend 33,2,0
                   	17:01:30
30/04/2015 17:01:31	17:01:31
30/04/2015 17:01:32	17:01:32
30/04/2015 17:01:33	17:01:33
30/04/2015 17:01:34	17:01:34
30/04/2015 17:01:35	17:01:35
30/04/2015 17:01:36	17:01:36
30/04/2015 17:01:37	17:01:37
30/04/2015 17:01:38	17:01:38
30/04/2015 17:01:39	17:01:39
30/04/2015 17:01:40	17:01:40
30/04/2015 17:01:41	17:01:41
30/04/2015 17:01:42	17:01:42
30/04/2015 17:01:43	17:01:43
30/04/2015 17:01:44	17:01:44
30/04/2015 17:01:45	17:01:45
30/04/2015 17:01:46	17:01:46
30/04/2015 17:01:47	17:01:47
30/04/2015 17:01:48	17:01:48
30/04/2015 17:01:49	17:01:49
30/04/2015 17:01:50	17:01:50
30/04/2015 17:01:51	17:01:51
30/04/2015 17:01:52	17:01:52
30/04/2015 17:01:53	17:01:53
30/04/2015 17:01:54	17:01:54
30/04/2015 17:01:55	17:01:55
30/04/2015 17:01:56	17:01:56
30/04/2015 17:01:57	17:01:57
30/04/2015 17:01:58	17:01:58
30/04/2015 17:01:59	17:01:59
30/04/2015 17:02:00	17:02:00
30/04/2015 17:02:01	17:02:01
30/04/2015 17:02:02	17:02:02
30/04/2015 17:02:03	17:02:03
30/04/2015 17:02:04	17:02:04
30/04/2015 17:02:05	17:02:05
30/04/2015 17:02:06	17:02:06
30/04/2015 17:02:07	17:02:07
30/04/2015 17:02:08	17:02:08
30/04/2015 17:02:09	17:02:09
30/04/2015 17:02:10	17:02:10
30/04/2015 17:02:11	17:02:11
30/04/2015 17:02:12	17:02:12
30/04/2015 17:02:13	17:02:13
30/04/2015 17:02:14	17:02:14
30/04/2015 17:02:15	17:02:15
30/04/2015 17:02:16	17:02:16
30/04/2015 17:02:17	17:02:17
30/04/2015 17:02:18	17:02:18
30/04/2015 17:02:19	17:02:19
30/04/2015 17:02:20	17:02:20
30/04/2015 17:02:21	17:02:21
30/04/2015 17:02:22	17:02:22
30/04/2015 17:02:23	17:02:23
30/04/2015 17:02:24	17:02:24
30/04/2015 17:02:25	17:02:25
30/04/2015 17:02:26	17:02:26
30/04/2015 17:02:27	17:02:27
30/04/2015 17:02:28	17:02:28
30/04/2015 17:02:29	17:02:29
30/04/2015 17:02:30	17:02:30
30/04/2015 17:02:31	17:02:31
30/04/2015 17:02:32	17:02:32
30/04/2015 17:02:33	17:02:33
30/04/2015 17:02:34	17:02:34
30/04/2015 17:02:35	17:02:35
30/04/2015 17:02:36	17:02:36
30/04/2015 17:02:37	17:02:37
30/04/2015 17:02:38	17:02:38
30/04/2015 17:02:39	17:02:39
30/04/2015 17:02:40	17:02:40
30/04/2015 17:02:41	17:02:41
30/04/2015 17:02:42	17:02:42
30/04/2015 17:02:43	17:02:43
30/04/2015 17:02:44	17:02:44
30/04/2015 17:02:45	17:02:45
30/04/2015 17:02:46	17:02:46
30/04/2015 17:02:47	17:02:47
30/04/2015 17:02:48	17:02:48
30/04/2015 17:02:49	17:02:49
30/04/2015 17:02:50	17:02:50
30/04/2015 17:02:51	17:02:51
30/04/2015 17:02:52	17:02:52
30/04/2015 17:02:53	17:02:53
30/04/2015 17:02:54	17:02:54
30/04/2015 17:02:55	17:02:55
30/04/2015 17:02:56	17:02:56
30/04/2015 17:02:57	17:02:57
30/04/2015 17:02:58	17:02:58
30/04/2015 17:02:59	17:02:59
30/04/2015 17:03:00	17:03:00
30/04/2015 17:03:01	17:03:01
30/04/2015 17:03:02	17:03:02
30/04/2015 17:03:03	17:03:03
30/04/2015 17:03:04	17:03:04
30/04/2015 17:03:05	17:03:05
30/04/2015 17:03:06	17:03:06
30/04/2015 17:03:07	17:03:07
30/04/2015 17:03:08	17:03:08
30/04/2015 17:03:09	17:03:09
30/04/2015 17:03:10	17:03:10
30/04/2015 17:03:11	17:03:11
30/04/2015 17:03:12	17:03:12
30/04/2015 17:03:13	17:03:13
30/04/2015 17:03:14	17:03:14
30/04/2015 17:03:15	17:03:15
30/04/2015 17:03:16	17:03:16
30/04/2015 17:03:17	17:03:17
30/04/2015 17:03:18	17:03:18
30/04/2015 17:03:19	17:03:19
30/04/2015 17:03:20	17:03:20
30/04/2015 17:03:21	17:03:21
30/04/2015 17:03:22	17:03:22
30/04/2015 17:03:23	17:03:23
30/04/2015 17:03:24	17:03:24
30/04/2015 17:03:25	17:03:25
30/04/2015 17:03:26	17:03:26
30/04/2015 17:03:27	17:03:27
30/04/2015 17:03:28	17:03:28
30/04/2015 17:03:29	17:03:29
30/04/2015 17:03:30	17:03:30
30/04/2015 17:03:31	17:03:31
30/04/2015 17:03:32	17:03:32
30/04/2015 17:03:33	17:03:33
30/04/2015 17:03:34	17:03:34
30/04/2015 17:03:35	17:03:35
30/04/2015 17:03:36	17:03:36
30/04/2015 17:03:37	17:03:37
