29/12/2015 13:24:22	Open Event Log [C:\Users\Admin\AppData\Local\Temp\RacingSignals_20151229_132422.log]
                   	Environment Settings
                   	ALLUSERSPROFILE=C:\ProgramData
                   	APPDATA=C:\Users\Admin\AppData\Roaming
                   	CommonProgramFiles=C:\Program Files (x86)\Common Files
                   	CommonProgramFiles(x86)=C:\Program Files (x86)\Common Files
                   	CommonProgramW6432=C:\Program Files\Common Files
                   	COMPUTERNAME=RACESTATION
                   	ComSpec=C:\WINDOWS\system32\cmd.exe
                   	FP_NO_HOST_CHECK=NO
                   	HOMEDRIVE=C:
                   	HOMEPATH=\Users\Admin
                   	LOCALAPPDATA=C:\Users\Admin\AppData\Local
                   	LOGONSERVER=\\RACESTATION
                   	NUMBER_OF_PROCESSORS=4
                   	OS=Windows_NT
                   	Path=C:\WINDOWS\system32;C:\WINDOWS;C:\WINDOWS\System32\Wbem;C:\WINDOWS\System32\WindowsPowerShell\v1.0\
                   	PATHEXT=.COM;.EXE;.BAT;.CMD;.VBS;.VBE;.JS;.JSE;.WSF;.WSH;.MSC
                   	PROCESSOR_ARCHITECTURE=x86
                   	PROCESSOR_ARCHITEW6432=AMD64
                   	PROCESSOR_IDENTIFIER=Intel64 Family 6 Model 60 Stepping 3, GenuineIntel
                   	PROCESSOR_LEVEL=6
                   	PROCESSOR_REVISION=3c03
                   	ProgramData=C:\ProgramData
                   	ProgramFiles=C:\Program Files (x86)
                   	ProgramFiles(x86)=C:\Program Files (x86)
                   	ProgramW6432=C:\Program Files
                   	PSModulePath=C:\WINDOWS\system32\WindowsPowerShell\v1.0\Modules\
                   	PUBLIC=C:\Users\Public
                   	SESSIONNAME=Console
                   	SystemDrive=C:
                   	SystemRoot=C:\WINDOWS
                   	TEMP=C:\Users\Admin\AppData\Local\Temp
                   	TMP=C:\Users\Admin\AppData\Local\Temp
                   	USERDOMAIN=RaceStation
                   	USERDOMAIN_ROAMINGPROFILE=RaceStation
                   	USERNAME=Admin
                   	USERPROFILE=C:\Users\Admin
                   	windir=C:\WINDOWS
                   	GetSpecialFolder CSIDL_COMMON_APPDATA = C:\ProgramData\
                   	Windows Version = Windows 8
                   	User Default LocaleID = 2057
                   	Decimal Separator = .
                   	User has Administrator Rights = False
                   	***************
                   	RacingSignals.exe 1.3.3 Started
                   	Version = Windows 8 (64 bit)
                   	Install log = C:\Users\Admin\Local Settings\Temp\Setup Log [install date] #[sequence no].txt
                   	SignalImageFilePath = C:\ProgramData\Application Data\Arundale\RacingSignals\SignalImages\
                   	SequencesFilePath = C:\ProgramData\Application Data\Arundale\RacingSignals\Sequences\
                   	Loading frmMain
                   	RacingSignals [1.3.3] 
                   	Checking http://arundale.com/docs/ais/RacingSignals_setup_ for later version
29/12/2015 13:24:23	Latest released version is http://arundale.com/docs/ais/RacingSignals_setup_0.0.0
                   	User Revision is 3 (=0 so don't check web revision)
                   	A new update is not available
                   	No Start Sequences available, Exiting Program, No Start Sequence
29/12/2015 13:25:03	Loading frmDaventech
                   	CreateWinsock eth008:17494
                   	WinsockState = Resolving host
                   	frmDaventech.unload 4 (48303.48)
